app/build/intermediates/manifest_merge_blame_file/debug/manifest-merger-blame-debug-report.txt
1<?xml version="1.0" encoding="utf-8"?>
2<manifest xmlns:android="http://schemas.android.com/apk/res/android"
3    package="com.example.nasaapp"
4    android:versionCode="1"
5    android:versionName="1.0" >
6
7    <uses-sdk
8        android:minSdkVersion="22"
8-->src/main/AndroidManifest.xml
9        android:targetSdkVersion="30" />
9-->src/main/AndroidManifest.xml
10
11    <uses-permission android:name="android.permission.INTERNET" />
11-->src/main/AndroidManifest.xml:4:5-66
11-->src/main/AndroidManifest.xml:4:22-64
12    <uses-permission android:name="android.permission.ACCESS_NETWORK_STATE" />
12-->src/main/AndroidManifest.xml:5:5-78
12-->src/main/AndroidManifest.xml:5:22-76
13
14    <!-- Tell the system this library requires OpenGL ES 2.0. -->
15    <uses-feature
15-->[gov.nasa.worldwind.android:worldwind:0.8.0] AndroidManifest.xml:12:5-14:35
16        android:glEsVersion="0x00020000"
16-->[gov.nasa.worldwind.android:worldwind:0.8.0] AndroidManifest.xml:13:9-41
17        android:required="true" />
17-->[gov.nasa.worldwind.android:worldwind:0.8.0] AndroidManifest.xml:14:9-32
18
19    <application
19-->src/main/AndroidManifest.xml:6:5-23:19
20        android:allowBackup="true"
20-->src/main/AndroidManifest.xml:7:9-35
21        android:appComponentFactory="androidx.core.app.CoreComponentFactory"
21-->[androidx.core:core:1.5.0] AndroidManifest.xml:24:18-86
22        android:debuggable="true"
23        android:icon="@mipmap/ic_launcher"
23-->src/main/AndroidManifest.xml:8:9-43
24        android:label="@string/app_name"
24-->src/main/AndroidManifest.xml:9:9-41
25        android:roundIcon="@mipmap/ic_launcher_round"
25-->src/main/AndroidManifest.xml:10:9-54
26        android:supportsRtl="true"
26-->src/main/AndroidManifest.xml:11:9-35
27        android:testOnly="true"
28        android:theme="@style/Theme.NasaApp" >
28-->src/main/AndroidManifest.xml:12:9-45
29        <activity
29-->src/main/AndroidManifest.xml:13:9-22:20
30            android:name="com.example.nasaapp.MainActivity"
30-->src/main/AndroidManifest.xml:14:13-41
31            android:label="@string/app_name"
31-->src/main/AndroidManifest.xml:15:13-45
32            android:theme="@style/Theme.NasaApp.NoActionBar" >
32-->src/main/AndroidManifest.xml:16:13-61
33            <intent-filter>
33-->src/main/AndroidManifest.xml:17:13-21:29
34                <action android:name="android.intent.action.MAIN" />
34-->src/main/AndroidManifest.xml:18:17-69
34-->src/main/AndroidManifest.xml:18:25-66
35
36                <category android:name="android.intent.category.LAUNCHER" />
36-->src/main/AndroidManifest.xml:20:17-77
36-->src/main/AndroidManifest.xml:20:27-74
37            </intent-filter>
38        </activity>
39    </application>
40
41</manifest>